# JRE version: OpenJDK Runtime Environment (8.0_76-b03) (build 1.8.0_76-release-b03)
# Java VM: OpenJDK 64-Bit Server VM (25.76-b03 mixed mode linux-amd64 compressed oops)
Heap:
 PSYoungGen      total 180736K, used 74105K [0x00000000e0000000, 0x00000000ed300000, 0x0000000100000000)
  eden space 169984K, 43% used [0x00000000e0000000,0x00000000e485e548,0x00000000ea600000)
  from space 10752K, 0% used [0x00000000eb100000,0x00000000eb100000,0x00000000ebb80000)
  to   space 11264K, 0% used [0x00000000ea600000,0x00000000ea600000,0x00000000eb100000)
 ParOldGen       total 79360K, used 16090K [0x00000000a0000000, 0x00000000a4d80000, 0x00000000e0000000)
  object space 79360K, 20% used [0x00000000a0000000,0x00000000a0fb6b18,0x00000000a4d80000)
 Metaspace       used 41023K, capacity 41884K, committed 42368K, reserved 1085440K
  class space    used 5481K, capacity 5664K, committed 5760K, reserved 1048576K
GC Heap History (10 events):
Event: 2.082 GC heap before
{Heap before GC invocations=6 (full 1):
 PSYoungGen      total 68608K, used 5088K [0x00000000e0000000, 0x00000000e9200000, 0x0000000100000000)
  eden space 63488K, 0% used [0x00000000e0000000,0x00000000e0000000,0x00000000e3e00000)
  from space 5120K, 99% used [0x00000000e3e00000,0x00000000e42f8040,0x00000000e4300000)
  to   space 11264K, 0% used [0x00000000e8700000,0x00000000e8700000,0x00000000e9200000)
 ParOldGen       total 84992K, used 9422K [0x00000000a0000000, 0x00000000a5300000, 0x00000000e0000000)
  object space 84992K, 11% used [0x00000000a0000000,0x00000000a0933858,0x00000000a5300000)
 Metaspace       used 20872K, capacity 21138K, committed 21296K, reserved 1067008K
  class space    used 2784K, capacity 2879K, committed 2944K, reserved 1048576K
Event: 2.158 GC heap after
Heap after GC invocations=6 (full 1):
 PSYoungGen      total 68608K, used 0K [0x00000000e0000000, 0x00000000e9200000, 0x0000000100000000)
  eden space 63488K, 0% used [0x00000000e0000000,0x00000000e0000000,0x00000000e3e00000)
  from space 5120K, 0% used [0x00000000e3e00000,0x00000000e3e00000,0x00000000e4300000)
  to   space 11264K, 0% used [0x00000000e8700000,0x00000000e8700000,0x00000000e9200000)
 ParOldGen       total 56832K, used 10048K [0x00000000a0000000, 0x00000000a3780000, 0x00000000e0000000)
  object space 56832K, 17% used [0x00000000a0000000,0x00000000a09d0360,0x00000000a3780000)
 Metaspace       used 20872K, capacity 21138K, committed 21296K, reserved 1067008K
  class space    used 2784K, capacity 2879K, committed 2944K, reserved 1048576K
}
Event: 2.977 GC heap before
{Heap before GC invocations=7 (full 1):
 PSYoungGen      total 68608K, used 63488K [0x00000000e0000000, 0x00000000e9200000, 0x0000000100000000)
  eden space 63488K, 100% used [0x00000000e0000000,0x00000000e3e00000,0x00000000e3e00000)
  from space 5120K, 0% used [0x00000000e3e00000,0x00000000e3e00000,0x00000000e4300000)
  to   space 11264K, 0% used [0x00000000e8700000,0x00000000e8700000,0x00000000e9200000)
 ParOldGen       total 56832K, used 10048K [0x00000000a0000000, 0x00000000a3780000, 0x00000000e0000000)
  object space 56832K, 17% used [0x00000000a0000000,0x00000000a09d0360,0x00000000a3780000)
 Metaspace       used 26398K, capacity 26886K, committed 27136K, reserved 1073152K
  class space    used 3643K, capacity 3809K, committed 3840K, reserved 1048576K
Event: 2.990 GC heap after
Heap after GC invocations=7 (full 1):
 PSYoungGen      total 112640K, used 6316K [0x00000000e0000000, 0x00000000e8d80000, 0x0000000100000000)
  eden space 105984K, 0% used [0x00000000e0000000,0x00000000e0000000,0x00000000e6780000)
  from space 6656K, 94% used [0x00000000e8700000,0x00000000e8d2b050,0x00000000e8d80000)
  to   space 10752K, 0% used [0x00000000e7880000,0x00000000e7880000,0x00000000e8300000)
 ParOldGen       total 56832K, used 10048K [0x00000000a0000000, 0x00000000a3780000, 0x00000000e0000000)
  object space 56832K, 17% used [0x00000000a0000000,0x00000000a09d0360,0x00000000a3780000)
 Metaspace       used 26398K, capacity 26886K, committed 27136K, reserved 1073152K
  class space    used 3643K, capacity 3809K, committed 3840K, reserved 1048576K
}
Event: 4.418 GC heap before
{Heap before GC invocations=8 (full 1):
 PSYoungGen      total 112640K, used 112300K [0x00000000e0000000, 0x00000000e8d80000, 0x0000000100000000)
  eden space 105984K, 100% used [0x00000000e0000000,0x00000000e6780000,0x00000000e6780000)
  from space 6656K, 94% used [0x00000000e8700000,0x00000000e8d2b050,0x00000000e8d80000)
  to   space 10752K, 0% used [0x00000000e7880000,0x00000000e7880000,0x00000000e8300000)
 ParOldGen       total 56832K, used 10048K [0x00000000a0000000, 0x00000000a3780000, 0x00000000e0000000)
  object space 56832K, 17% used [0x00000000a0000000,0x00000000a09d0360,0x00000000a3780000)
 Metaspace       used 31343K, capacity 31974K, committed 32384K, reserved 1077248K
  class space    used 4230K, capacity 4420K, committed 4480K, reserved 1048576K
Event: 4.429 GC heap after
Heap after GC invocations=8 (full 1):
 PSYoungGen      total 134144K, used 8038K [0x00000000e0000000, 0x00000000ebb80000, 0x0000000100000000)
  eden space 123392K, 0% used [0x00000000e0000000,0x00000000e0000000,0x00000000e7880000)
  from space 10752K, 74% used [0x00000000e7880000,0x00000000e8059ae0,0x00000000e8300000)
  to   space 10752K, 0% used [0x00000000eb100000,0x00000000eb100000,0x00000000ebb80000)
 ParOldGen       total 56832K, used 10056K [0x00000000a0000000, 0x00000000a3780000, 0x00000000e0000000)
  object space 56832K, 17% used [0x00000000a0000000,0x00000000a09d2360,0x00000000a3780000)
 Metaspace       used 31343K, capacity 31974K, committed 32384K, reserved 1077248K
  class space    used 4230K, capacity 4420K, committed 4480K, reserved 1048576K
}
Event: 4.941 GC heap before
{Heap before GC invocations=9 (full 1):
 PSYoungGen      total 134144K, used 64032K [0x00000000e0000000, 0x00000000ebb80000, 0x0000000100000000)
  eden space 123392K, 45% used [0x00000000e0000000,0x00000000e36ae8e8,0x00000000e7880000)
  from space 10752K, 74% used [0x00000000e7880000,0x00000000e8059ae0,0x00000000e8300000)
  to   space 10752K, 0% used [0x00000000eb100000,0x00000000eb100000,0x00000000ebb80000)
 ParOldGen       total 56832K, used 10056K [0x00000000a0000000, 0x00000000a3780000, 0x00000000e0000000)
  object space 56832K, 17% used [0x00000000a0000000,0x00000000a09d2360,0x00000000a3780000)
 Metaspace       used 34584K, capacity 35220K, committed 35496K, reserved 1079296K
  class space    used 4626K, capacity 4815K, committed 4864K, reserved 1048576K
Event: 4.952 GC heap after
Heap after GC invocations=9 (full 1):
 PSYoungGen      total 180736K, used 8668K [0x00000000e0000000, 0x00000000ed300000, 0x0000000100000000)
  eden space 169984K, 0% used [0x00000000e0000000,0x00000000e0000000,0x00000000ea600000)
  from space 10752K, 80% used [0x00000000eb100000,0x00000000eb977350,0x00000000ebb80000)
  to   space 11264K, 0% used [0x00000000ea600000,0x00000000ea600000,0x00000000eb100000)
 ParOldGen       total 56832K, used 10064K [0x00000000a0000000, 0x00000000a3780000, 0x00000000e0000000)
  object space 56832K, 17% used [0x00000000a0000000,0x00000000a09d4360,0x00000000a3780000)
 Metaspace       used 34584K, capacity 35220K, committed 35496K, reserved 1079296K
  class space    used 4626K, capacity 4815K, committed 4864K, reserved 1048576K
}
Event: 4.952 GC heap before
{Heap before GC invocations=10 (full 2):
 PSYoungGen      total 180736K, used 8668K [0x00000000e0000000, 0x00000000ed300000, 0x0000000100000000)
  eden space 169984K, 0% used [0x00000000e0000000,0x00000000e0000000,0x00000000ea600000)
  from space 10752K, 80% used [0x00000000eb100000,0x00000000eb977350,0x00000000ebb80000)
  to   space 11264K, 0% used [0x00000000ea600000,0x00000000ea600000,0x00000000eb100000)
 ParOldGen       total 56832K, used 10064K [0x00000000a0000000, 0x00000000a3780000, 0x00000000e0000000)
  object space 56832K, 17% used [0x00000000a0000000,0x00000000a09d4360,0x00000000a3780000)
 Metaspace       used 34584K, capacity 35220K, committed 35496K, reserved 1079296K
  class space    used 4626K, capacity 4815K, committed 4864K, reserved 1048576K
Event: 5.029 GC heap after
Heap after GC invocations=10 (full 2):
 PSYoungGen      total 180736K, used 0K [0x00000000e0000000, 0x00000000ed300000, 0x0000000100000000)
  eden space 169984K, 0% used [0x00000000e0000000,0x00000000e0000000,0x00000000ea600000)
  from space 10752K, 0% used [0x00000000eb100000,0x00000000eb100000,0x00000000ebb80000)
  to   space 11264K, 0% used [0x00000000ea600000,0x00000000ea600000,0x00000000eb100000)
 ParOldGen       total 79360K, used 16090K [0x00000000a0000000, 0x00000000a4d80000, 0x00000000e0000000)
  object space 79360K, 20% used [0x00000000a0000000,0x00000000a0fb6b18,0x00000000a4d80000)
 Metaspace       used 34584K, capacity 35220K, committed 35496K, reserved 1079296K
  class space    used 4626K, capacity 4815K, committed 4864K, reserved 1048576K
}

